<?xml version="1.0" encoding="UTF-8" ?>
<testsuite errors="13" failures="0" hostname="bahguta-comp" name="Dto.PersonaTest" skipped="0" tests="13" time="0.05" timestamp="2019-10-19T13:02:47">
  <properties>
    <property name="netbeans.autoupdate.country" value="US" />
    <property name="nb.wait.for.caches" value="true" />
    <property name="libs.Hibernate.classpath" value="" />
    <property name="libs.MiLibreria.maven-pom" value="" />
    <property name="javac.test.classpath" value="C:\Program Files\NetBeans 8.2\java\modules\ext\beansbinding-1.2.1.jar:C:\Program Files\NetBeans 8.2\ide\modules\ext\ValidationAPI.jar;C:\Program Files\NetBeans 8.2\platform\lib\org-openide-util-lookup.jar;C:\Program Files\NetBeans 8.2\platform\lib\org-openide-util.jar:lib/commons-beanutils-1.8.2.jar:lib/commons-collections-3.2.1.jar:lib:lib/commons-digester-2.1.jar:lib/commons-logging-1.1.jar:lib/iText-2.1.7.js2.jar:lib/jasperreports-5.6.0.jar:lib/ojdbc7.jar:lib/servlet-api-2.4.jar:lib/synthetica.jar:lib/syntheticaBlackMoon.jar:lib/jsch-0.1.54.jar:lib/syntheticaAluOxide.jar:lib/syntheticaBlackEye.jar:lib/syntheticaBlueIce.jar:lib/syntheticaBlueLight.jar:lib/syntheticaBlueMoon.jar:lib/syntheticaBlueSteel.jar:lib/syntheticaDark.jar:lib/syntheticaMauveMetallic.jar:lib/syntheticaPlain.jar:lib/syntheticaSilverMoon.jar:lib/syntheticaSkyMetallic.jar:lib/syntheticaStandard.jar:C:\Program Files\NetBeans 8.2\java\modules\ext\eclipselink\eclipselink.jar;C:\Program Files\NetBeans 8.2\java\modules\ext\eclipselink\javax.persistence_2.1.0.v201304241213.jar;C:\Program Files\NetBeans 8.2\java\modules\ext\eclipselink\org.eclipse.persistence.jpa.jpql_2.5.2.v20140319-9ad6abd.jar:D:\Proyectos\NetBeans\Proyecto\Proyecto\lib\jsch-0.1.54.jar:D:\Download\jasperreports-6.5.1.jar:D:\Proyectos\NetBeans\Proyecto\Proyecto\lib\ojdbc7.jar:D:\Proyectos\NetBeans\Proyecto\Proyecto\lib\jsch-0.1.42.jar:D:\Proyectos\NetBeans\Proyecto\Proyecto\lib\jsch-0.1.54.jar:lib/jcommon-1.0.23.jar:lib/jfreechart-1.0.19.jar:C:\Program Files\NetBeans 8.2\java\modules\ext\AbsoluteLayout.jar;D:\Proyectos\NetBeans\Proyecto\Proyecto\lib\jsch-0.1.42.jar:build/classes:C:\Program Files\NetBeans 8.2\platform\modules\ext\junit-4.12.jar:C:\Program Files\NetBeans 8.2\platform\modules\ext\hamcrest-core-1.3.jar" />
    <property name="ant.core.lib" value="C:\Program Files\NetBeans 8.2\extide\ant\lib\ant.jar" />
    <property name="libs.JavaHelpLocal.javadoc" value="D:\P\Proyectos\Netbeans\Junio2018\lib\jh2.0\doc" />
    <property name="javadoc.windowtitle" value="" />
    <property name="user.dir" value="D:\Proyectos\NetBeans\Proyecto\Proyecto_develop" />
    <property name="java.vm.version" value="25.111-b14" />
    <property name="libs.SSHTunel.maven-pom" value="" />
    <property name="libs.MySQLDriver.classpath" value="C:\Program Files\NetBeans 8.2\ide\modules\ext\mysql-connector-java-5.1.23-bin.jar" />
    <property name="libs.eclipselinkmodelgen.src" value="" />
    <property name="javadoc.notree" value="false" />
    <property name="netbeans.autoupdate.version" value="1.23" />
    <property name="libs.EclipseLink-GlassFish-v3.classpath" value="C:\Program Files\glassfish-4.1.1\glassfish\modules\org.eclipse.persistence.antlr.jar;C:\Program Files\glassfish-4.1.1\glassfish\modules\org.eclipse.persistence.asm.jar;C:\Program Files\glassfish-4.1.1\glassfish\modules\org.eclipse.persistence.core.jar;C:\Program Files\glassfish-4.1.1\glassfish\modules\org.eclipse.persistence.dbws.jar;C:\Program Files\glassfish-4.1.1\glassfish\modules\org.eclipse.persistence.jpa.jar;C:\Program Files\glassfish-4.1.1\glassfish\modules\org.eclipse.persistence.jpa.jpql.jar;C:\Program Files\glassfish-4.1.1\glassfish\modules\org.eclipse.persistence.jpa.modelgen.processor.jar;C:\Program Files\glassfish-4.1.1\glassfish\modules\org.eclipse.persistence.moxy.jar;C:\Program Files\glassfish-4.1.1\glassfish\modules\org.eclipse.persistence.oracle.jar;C:\Program Files\glassfish-4.1.1\glassfish\modules\javax.persistence.jar" />
    <property name="libs.Java-EE-GlassFish-v3-Prelude.javadoc" value="C:\Program Files\NetBeans 8.2\enterprise\docs\javaee-doc-api.jar" />
    <property name="javac.profile.cmd.line.arg" value="" />
    <property name="jdk.home" value="C:\Program Files\Java\jdk1.8.0_111" />
    <property name="libs.javac-api.src" value="" />
    <property name="libs.ValidationLib.classpath" value="C:\Program Files\NetBeans 8.2\platform\lib\org-openide-util-lookup.jar;C:\Program Files\NetBeans 8.2\platform\lib\org-openide-util.jar;C:\Program Files\NetBeans 8.2\ide\modules\ext\ValidationAPI.jar" />
    <property name="javadoc.noindex" value="false" />
    <property name="libs.jpa2-persistence.classpath" value="C:\Program Files\NetBeans 8.2\java\modules\ext\hibernate4\hibernate-jpa-2.1-api-1.0.0.Final.jar" />
    <property name="sun.os.patch.level" value="" />
    <property name="libs.Java-EE-GlassFish-v3-Prelude.src" value="" />
    <property name="do.archive+manifest.available" value="true" />
    <property name="libs.LeerDatos.classpath" value="" />
    <property name="java.vm.specification.name" value="Java Virtual Machine Specification" />
    <property name="nb.show.statistics.ui" value="usageStatisticsEnabled" />
    <property name="netbeans.autoupdate.variant" value="" />
    <property name="have.tests" value="true" />
    <property name="org.xml.sax.driver" value="com.sun.org.apache.xerces.internal.jaxp.SAXParserImpl$JAXPSAXParser" />
    <property name="libs.hamcrest.classpath" value="C:\Program Files\NetBeans 8.2\platform\modules\ext\hamcrest-core-1.3.jar" />
    <property name="libs.javac-api.javadoc" value="" />
    <property name="os.name" value="Windows 10" />
    <property name="libs.beans-binding.classpath" value="C:\Program Files\NetBeans 8.2\java\modules\ext\beansbinding-1.2.1.jar" />
    <property name="ap.proc.none.internal" value="" />
    <property name="libs.JWSAntTasks.maven-pom" value="" />
    <property name="libs.testng.src" value="" />
    <property name="libs.SSH_Tunel_Local.javadoc" value="" />
    <property name="file.reference.commons-beanutils-1.8.2.jar" value="lib/commons-beanutils-1.8.2.jar" />
    <property name="java.vendor.url.bug" value="http://bugreport.sun.com/bugreport/" />
    <property name="libs.jaxb.maven-pom" value="" />
    <property name="os.arch" value="amd64" />
    <property name="libs.eclipselink.src" value="" />
    <property name="user.name" value="bahguta" />
    <property name="libs.Comet-GlassFish-v3.javadoc" value="" />
    <property name="copylibs.rebase" value="true" />
    <property name="libs.swing-layout.maven-pom" value="" />
    <property name="sun.java.command" value="org.apache.tools.ant.taskdefs.optional.junit.JUnitTestRunner Dto.PersonaTest skipNonTests=false filtertrace=true haltOnError=false haltOnFailure=false showoutput=true outputtoformatters=true logfailedtests=true threadid=0 logtestlistenerevents=true formatter=org.apache.tools.ant.taskdefs.optional.junit.BriefJUnitResultFormatter formatter=org.apache.tools.ant.taskdefs.optional.junit.XMLJUnitResultFormatter,D:\Proyectos\NetBeans\Proyecto\Proyecto_develop\build\test\results\TEST-Dto.PersonaTest.xml crashfile=D:\Proyectos\NetBeans\Proyecto\Proyecto_develop\build\junitvmwatcher4186655127393061009.properties propsfile=D:\Proyectos\NetBeans\Proyecto\Proyecto_develop\build\junit5357148684144480091.properties" />
    <property name="build.classes.dir" value="build/classes" />
    <property name="netbeans.accept_license_class" value="org.netbeans.license.AcceptLicense" />
    <property name="file.reference.commons-collections-3.2.1.jar" value="lib/commons-collections-3.2.1.jar" />
    <property name="build.sysclasspath" value="ignore" />
    <property name="manifest.encoding" value="UTF-8" />
    <property name="ap.supported.internal" value="true" />
    <property name="java.failonerror" value="true" />
    <property name="file.reference.syntheticaBlueLight.jar" value="lib/syntheticaBlueLight.jar" />
    <property name="libs.SSH_Tunel_Local.maven-pom" value="" />
    <property name="libs.jaxws21.javadoc" value="C:\Program Files\NetBeans 8.2\java\docs\jaxws-api-doc.zip" />
    <property name="libs.SSHTunel.javadoc" value="" />
    <property name="includes" value="**" />
    <property name="file.reference.iText-2.1.7.js2.jar" value="lib/iText-2.1.7.js2.jar" />
    <property name="libs.Oracle_JDBC_Driver.src" value="" />
    <property name="user.country" value="US" />
    <property name="manifest.file" value="manifest.mf" />
    <property name="javadoc.encoding" value="UTF-8" />
    <property name="javac.classpath" value="C:\Program Files\NetBeans 8.2\java\modules\ext\beansbinding-1.2.1.jar:C:\Program Files\NetBeans 8.2\ide\modules\ext\ValidationAPI.jar;C:\Program Files\NetBeans 8.2\platform\lib\org-openide-util-lookup.jar;C:\Program Files\NetBeans 8.2\platform\lib\org-openide-util.jar:lib/commons-beanutils-1.8.2.jar:lib/commons-collections-3.2.1.jar:lib:lib/commons-digester-2.1.jar:lib/commons-logging-1.1.jar:lib/iText-2.1.7.js2.jar:lib/jasperreports-5.6.0.jar:lib/ojdbc7.jar:lib/servlet-api-2.4.jar:lib/synthetica.jar:lib/syntheticaBlackMoon.jar:lib/jsch-0.1.54.jar:lib/syntheticaAluOxide.jar:lib/syntheticaBlackEye.jar:lib/syntheticaBlueIce.jar:lib/syntheticaBlueLight.jar:lib/syntheticaBlueMoon.jar:lib/syntheticaBlueSteel.jar:lib/syntheticaDark.jar:lib/syntheticaMauveMetallic.jar:lib/syntheticaPlain.jar:lib/syntheticaSilverMoon.jar:lib/syntheticaSkyMetallic.jar:lib/syntheticaStandard.jar:C:\Program Files\NetBeans 8.2\java\modules\ext\eclipselink\eclipselink.jar;C:\Program Files\NetBeans 8.2\java\modules\ext\eclipselink\javax.persistence_2.1.0.v201304241213.jar;C:\Program Files\NetBeans 8.2\java\modules\ext\eclipselink\org.eclipse.persistence.jpa.jpql_2.5.2.v20140319-9ad6abd.jar:D:\Proyectos\NetBeans\Proyecto\Proyecto\lib\jsch-0.1.54.jar:D:\Download\jasperreports-6.5.1.jar:D:\Proyectos\NetBeans\Proyecto\Proyecto\lib\ojdbc7.jar:D:\Proyectos\NetBeans\Proyecto\Proyecto\lib\jsch-0.1.42.jar:D:\Proyectos\NetBeans\Proyecto\Proyecto\lib\jsch-0.1.54.jar:lib/jcommon-1.0.23.jar:lib/jfreechart-1.0.19.jar:C:\Program Files\NetBeans 8.2\java\modules\ext\AbsoluteLayout.jar;D:\Proyectos\NetBeans\Proyecto\Proyecto\lib\jsch-0.1.42.jar" />
    <property name="libs.JAVADB_DRIVER_LABEL.src" value="" />
    <property name="ant.file.type.Proyecto" value="file" />
    <property name="libs.spring-framework400.classpath" value="C:\Program Files\NetBeans 8.2\ide\modules\org-apache-commons-logging.jar;C:\Program Files\NetBeans 8.2\java\modules\ext\cglib-2.2.jar;C:\Program Files\NetBeans 8.2\java\modules\ext\spring-4\spring-aop-4.0.1.RELEASE.jar;C:\Program Files\NetBeans 8.2\java\modules\ext\spring-4\spring-aspects-4.0.1.RELEASE.jar;C:\Program Files\NetBeans 8.2\java\modules\ext\spring-4\spring-beans-4.0.1.RELEASE.jar;C:\Program Files\NetBeans 8.2\java\modules\ext\spring-4\spring-build-src-4.0.1.RELEASE.jar;C:\Program Files\NetBeans 8.2\java\modules\ext\spring-4\spring-context-4.0.1.RELEASE.jar;C:\Program Files\NetBeans 8.2\java\modules\ext\spring-4\spring-context-support-4.0.1.RELEASE.jar;C:\Program Files\NetBeans 8.2\java\modules\ext\spring-4\spring-core-4.0.1.RELEASE.jar;C:\Program Files\NetBeans 8.2\java\modules\ext\spring-4\spring-expression-4.0.1.RELEASE.jar;C:\Program Files\NetBeans 8.2\java\modules\ext\spring-4\spring-framework-bom-4.0.1.RELEASE.jar;C:\Program Files\NetBeans 8.2\java\modules\ext\spring-4\spring-instrument-4.0.1.RELEASE.jar;C:\Program Files\NetBeans 8.2\java\modules\ext\spring-4\spring-instrument-tomcat-4.0.1.RELEASE.jar;C:\Program Files\NetBeans 8.2\java\modules\ext\spring-4\spring-jdbc-4.0.1.RELEASE.jar;C:\Program Files\NetBeans 8.2\java\modules\ext\spring-4\spring-jms-4.0.1.RELEASE.jar;C:\Program Files\NetBeans 8.2\java\modules\ext\spring-4\spring-messaging-4.0.1.RELEASE.jar;C:\Program Files\NetBeans 8.2\java\modules\ext\spring-4\spring-orm-4.0.1.RELEASE.jar;C:\Program Files\NetBeans 8.2\java\modules\ext\spring-4\spring-oxm-4.0.1.RELEASE.jar;C:\Program Files\NetBeans 8.2\java\modules\ext\spring-4\spring-test-4.0.1.RELEASE.jar;C:\Program Files\NetBeans 8.2\java\modules\ext\spring-4\spring-tx-4.0.1.RELEASE.jar;C:\Program Files\NetBeans 8.2\java\modules\ext\spring-4\spring-web-4.0.1.RELEASE.jar;C:\Program Files\NetBeans 8.2\java\modules\ext\spring-4\spring-webmvc-4.0.1.RELEASE.jar;C:\Program Files\NetBeans 8.2\java\modules\ext\spring-4\spring-webmvc-portlet-4.0.1.RELEASE.jar;C:\Program Files\NetBeans 8.2\java\modules\ext\spring-4\spring-websocket-4.0.1.RELEASE.jar" />
    <property name="ant.file.type.Proyecto-impl" value="file" />
    <property name="ant.file.Proyecto" value="D:\Proyectos\NetBeans\Proyecto\Proyecto_develop\build.xml" />
    <property name="libs.jsch_sshTunel.classpath" value="D:\Proyectos\NetBeans\Proyecto\Proyecto\lib\jsch-0.1.54.jar" />
    <property name="libs.ValidationLib.javadoc" value="" />
    <property name="debug-transport" value="dt_shmem" />
    <property name="netbeans.home" value="C:\Program Files\NetBeans 8.2\platform" />
    <property name="build.compiler.emacs" value="true" />
    <property name="libs.jasperReports.classpath" value="D:\Download\jasperreports-6.5.1.jar" />
    <property name="java.endorsed.dirs" value="C:\Program Files\Java\jdk1.8.0_111\jre\lib\endorsed" />
    <property name="libs.Comet-GlassFish-v3.maven-pom" value="" />
    <property name="netbeans.dynamic.classpath" value="C:\Program Files\NetBeans 8.2\platform\core\asm-all-5.0.1.jar;C:\Program Files\NetBeans 8.2\platform\core\core-base.jar;C:\Program Files\NetBeans 8.2\platform\core\core.jar;C:\Program Files\NetBeans 8.2\platform\core\org-netbeans-libs-asm.jar;C:\Program Files\NetBeans 8.2\platform\core\org-openide-filesystems-compat8.jar;C:\Program Files\NetBeans 8.2\platform\core\org-openide-filesystems.jar;C:\Program Files\NetBeans 8.2\platform\core\locale\core-base_ja.jar;C:\Program Files\NetBeans 8.2\platform\core\locale\core-base_pt_BR.jar;C:\Program Files\NetBeans 8.2\platform\core\locale\core-base_ru.jar;C:\Program Files\NetBeans 8.2\platform\core\locale\core-base_zh_CN.jar;C:\Program Files\NetBeans 8.2\platform\core\locale\core_ja.jar;C:\Program Files\NetBeans 8.2\platform\core\locale\core_pt_BR.jar;C:\Program Files\NetBeans 8.2\platform\core\locale\core_ru.jar;C:\Program Files\NetBeans 8.2\platform\core\locale\core_zh_CN.jar;C:\Program Files\NetBeans 8.2\platform\core\locale\org-netbeans-libs-asm_ja.jar;C:\Program Files\NetBeans 8.2\platform\core\locale\org-netbeans-libs-asm_pt_BR.jar;C:\Program Files\NetBeans 8.2\platform\core\locale\org-netbeans-libs-asm_ru.jar;C:\Program Files\NetBeans 8.2\platform\core\locale\org-netbeans-libs-asm_zh_CN.jar;C:\Program Files\NetBeans 8.2\platform\core\locale\org-openide-filesystems-compat8_ja.jar;C:\Program Files\NetBeans 8.2\platform\core\locale\org-openide-filesystems-compat8_pt_BR.jar;C:\Program Files\NetBeans 8.2\platform\core\locale\org-openide-filesystems-compat8_ru.jar;C:\Program Files\NetBeans 8.2\platform\core\locale\org-openide-filesystems-compat8_zh_CN.jar;C:\Program Files\NetBeans 8.2\platform\core\locale\org-openide-filesystems_ja.jar;C:\Program Files\NetBeans 8.2\platform\core\locale\org-openide-filesystems_pt_BR.jar;C:\Program Files\NetBeans 8.2\platform\core\locale\org-openide-filesystems_ru.jar;C:\Program Files\NetBeans 8.2\platform\core\locale\org-openide-filesystems_zh_CN.jar;C:\Program Files\NetBeans 8.2\nb\core\org-netbeans-upgrader.jar;C:\Program Files\NetBeans 8.2\nb\core\locale\core_nb.jar;C:\Program Files\NetBeans 8.2\nb\core\locale\core_nb_ja.jar;C:\Program Files\NetBeans 8.2\nb\core\locale\core_nb_pt_BR.jar;C:\Program Files\NetBeans 8.2\nb\core\locale\core_nb_ru.jar;C:\Program Files\NetBeans 8.2\nb\core\locale\core_nb_zh_CN.jar;C:\Program Files\NetBeans 8.2\nb\core\locale\org-netbeans-upgrader_ja.jar;C:\Program Files\NetBeans 8.2\nb\core\locale\org-netbeans-upgrader_pt_BR.jar;C:\Program Files\NetBeans 8.2\nb\core\locale\org-netbeans-upgrader_ru.jar;C:\Program Files\NetBeans 8.2\nb\core\locale\org-netbeans-upgrader_zh_CN.jar" />
    <property name="java.vm.specification.version" value="1.8" />
    <property name="libs.hibernate4-support.src" value="" />
    <property name="libs.Oracle_JDBC_Driver.javadoc" value="" />
    <property name="file.reference.ojdbc7.jar" value="lib/ojdbc7.jar" />
    <property name="netbeans.productversion" value="NetBeans IDE 8.2 (Build 201609300101)" />
    <property name="libs.jaxws21.src" value="" />
    <property name="application.title" value="Proyecto" />
    <property name="do.archive" value="true" />
    <property name="libs.jsch_sshTunel.javadoc" value="" />
    <property name="netbeans.autoupdate.language" value="en" />
    <property name="java.vendor" value="Oracle Corporation" />
    <property name="jar.index.metainf" value="false" />
    <property name="javac.debug" value="true" />
    <property name="javadoc.splitindex" value="true" />
    <property name="file.separator" value="\" />
    <property name="libs.Java-EE-GlassFish-v3-Prelude.maven-pom" value="" />
    <property name="libs.junit_4.maven-pom" value="" />
    <property name="mkdist.disabled" value="false" />
    <property name="javac.test.processorpath" value="C:\Program Files\NetBeans 8.2\java\modules\ext\beansbinding-1.2.1.jar:C:\Program Files\NetBeans 8.2\ide\modules\ext\ValidationAPI.jar;C:\Program Files\NetBeans 8.2\platform\lib\org-openide-util-lookup.jar;C:\Program Files\NetBeans 8.2\platform\lib\org-openide-util.jar:lib/commons-beanutils-1.8.2.jar:lib/commons-collections-3.2.1.jar:lib:lib/commons-digester-2.1.jar:lib/commons-logging-1.1.jar:lib/iText-2.1.7.js2.jar:lib/jasperreports-5.6.0.jar:lib/ojdbc7.jar:lib/servlet-api-2.4.jar:lib/synthetica.jar:lib/syntheticaBlackMoon.jar:lib/jsch-0.1.54.jar:lib/syntheticaAluOxide.jar:lib/syntheticaBlackEye.jar:lib/syntheticaBlueIce.jar:lib/syntheticaBlueLight.jar:lib/syntheticaBlueMoon.jar:lib/syntheticaBlueSteel.jar:lib/syntheticaDark.jar:lib/syntheticaMauveMetallic.jar:lib/syntheticaPlain.jar:lib/syntheticaSilverMoon.jar:lib/syntheticaSkyMetallic.jar:lib/syntheticaStandard.jar:C:\Program Files\NetBeans 8.2\java\modules\ext\eclipselink\eclipselink.jar;C:\Program Files\NetBeans 8.2\java\modules\ext\eclipselink\javax.persistence_2.1.0.v201304241213.jar;C:\Program Files\NetBeans 8.2\java\modules\ext\eclipselink\org.eclipse.persistence.jpa.jpql_2.5.2.v20140319-9ad6abd.jar:D:\Proyectos\NetBeans\Proyecto\Proyecto\lib\jsch-0.1.54.jar:D:\Download\jasperreports-6.5.1.jar:D:\Proyectos\NetBeans\Proyecto\Proyecto\lib\ojdbc7.jar:D:\Proyectos\NetBeans\Proyecto\Proyecto\lib\jsch-0.1.42.jar:D:\Proyectos\NetBeans\Proyecto\Proyecto\lib\jsch-0.1.54.jar:lib/jcommon-1.0.23.jar:lib/jfreechart-1.0.19.jar:C:\Program Files\NetBeans 8.2\java\modules\ext\AbsoluteLayout.jar;D:\Proyectos\NetBeans\Proyecto\Proyecto\lib\jsch-0.1.42.jar:build/classes:C:\Program Files\NetBeans 8.2\platform\modules\ext\junit-4.12.jar:C:\Program Files\NetBeans 8.2\platform\modules\ext\hamcrest-core-1.3.jar" />
    <property name="netbeans.buildnumber" value="201609300101" />
    <property name="libs.JWSAntTasks.javadoc" value="" />
    <property name="build.generated.sources.dir" value="build/generated-sources" />
    <property name="user.variant" value="" />
    <property name="libs.eclipselinkmodelgen.classpath" value="C:\Program Files\NetBeans 8.2\java\modules\ext\eclipselink\org.eclipse.persistence.jpa.modelgen_2.5.2.v20140319-9ad6abd.jar" />
    <property name="sun.java.launcher" value="SUN_STANDARD" />
    <property name="libs.hibernate4-persistencemodelgen.javadoc" value="" />
    <property name="file.reference.syntheticaBlueSteel.jar" value="lib/syntheticaBlueSteel.jar" />
    <property name="file.reference.syntheticaMauveMetallic.jar" value="lib/syntheticaMauveMetallic.jar" />
    <property name="libs.jaxb.javadoc" value="C:\Program Files\NetBeans 8.2\ide\docs\jaxb-api-doc.zip" />
    <property name="libs.OJDBC_Local.classpath" value="D:\P\Proyectos\Netbeans\Junio2018\lib\ojdbc7.jar" />
    <property name="ant.home" value="C:\Program Files\NetBeans 8.2\extide\ant" />
    <property name="libs.junit_4.src" value="C:\Program Files\NetBeans 8.2\platform\docs\junit-4.12-sources.jar" />
    <property name="libs.testng.classpath" value="C:\Program Files\NetBeans 8.2\platform\modules\ext\testng-6.8.1-dist.jar" />
    <property name="libs.absolutelayout.maven-pom" value="" />
    <property name="ant.java.version" value="1.8" />
    <property name="java.library.path" value="C:\Program Files\Java\jdk1.8.0_111\jre\bin;C:\WINDOWS\Sun\Java\bin;C:\WINDOWS\system32;C:\WINDOWS;C:\Program Files (x86)\Common Files\Oracle\Java\javapath;C:\ProgramData\Oracle\Java\javapath;C:\WINDOWS\system32;C:\WINDOWS;C:\WINDOWS\System32\Wbem;C:\WINDOWS\System32\WindowsPowerShell\v1.0\;C:\Program Files\Intel\WiFi\bin\;C:\Program Files\Common Files\Intel\WirelessCommon\;C:\Program Files\Git\cmd;C:\WINDOWS\System32\OpenSSH\;C:\Program Files\PuTTY\;D:\Proyectos\apache-maven-3.6.2\bin;C:\Program Files (x86)\Jar2Exe Wizard\;C:\Program Files\Java\jdk-13\bin;C:\Users\bahgu\AppData\Local\Microsoft\WindowsApps;C:\Program Files\Intel\WiFi\bin\;C:\Program Files\Common Files\Intel\WirelessCommon\;C:\Users\bahgu\AppData\Local\Programs\Microsoft VS Code\bin;C:\ProgramData\Oracle\Java\javapath;C:\Program Files\Java\jdk-13\bin;;." />
    <property name="javadoc.author" value="false" />
    <property name="libs.Hibernate.src" value="" />
    <property name="libs.EclipseLink-GlassFish-v3.src" value="" />
    <property name="libs.OJDBC_Local.src" value="" />
    <property name="java.util.logging.config.class" value="org.netbeans.core.startup.TopLogging" />
    <property name="libs.spring-framework400.src" value="" />
    <property name="libs.PostgreSQLDriver.src" value="" />
    <property name="sun.arch.data.model" value="64" />
    <property name="basedir" value="D:\Proyectos\NetBeans\Proyecto\Proyecto_develop" />
    <property name="file.reference.servlet-api-2.4.jar" value="lib/servlet-api-2.4.jar" />
    <property name="libs.jpa20-persistence.maven-pom" value="" />
    <property name="jar.compress" value="false" />
    <property name="path.separator" value=";" />
    <property name="ant.junit.enabletestlistenerevents" value="true" />
    <property name="libs.LeerDatos.javadoc" value="" />
    <property name="sun.io.unicode.encoding" value="UnicodeLittle" />
    <property name="libs.jaxws21.classpath" value="C:\Program Files\NetBeans 8.2\ide\modules\ext\jaxb\jaxb-impl.jar;C:\Program Files\NetBeans 8.2\ide\modules\ext\jaxb\jaxb-xjc.jar;C:\Program Files\NetBeans 8.2\java\modules\ext\jaxws22\FastInfoset.jar;C:\Program Files\NetBeans 8.2\java\modules\ext\jaxws22\gmbal-api-only.jar;C:\Program Files\NetBeans 8.2\java\modules\ext\jaxws22\ha-api.jar;C:\Program Files\NetBeans 8.2\java\modules\ext\jaxws22\javax.mail_1.4.jar;C:\Program Files\NetBeans 8.2\java\modules\ext\jaxws22\jaxws-rt.jar;C:\Program Files\NetBeans 8.2\java\modules\ext\jaxws22\jaxws-tools.jar;C:\Program Files\NetBeans 8.2\java\modules\ext\jaxws22\management-api.jar;C:\Program Files\NetBeans 8.2\java\modules\ext\jaxws22\mimepull.jar;C:\Program Files\NetBeans 8.2\java\modules\ext\jaxws22\policy.jar;C:\Program Files\NetBeans 8.2\java\modules\ext\jaxws22\saaj-impl.jar;C:\Program Files\NetBeans 8.2\java\modules\ext\jaxws22\stax-ex.jar;C:\Program Files\NetBeans 8.2\java\modules\ext\jaxws22\stax2-api.jar;C:\Program Files\NetBeans 8.2\java\modules\ext\jaxws22\streambuffer.jar;C:\Program Files\NetBeans 8.2\java\modules\ext\jaxws22\woodstox-core-asl.jar;C:\Program Files\NetBeans 8.2\java\modules\ext\jaxws22\api\jaxws-api.jar;C:\Program Files\NetBeans 8.2\java\modules\ext\jaxws22\api\jsr181-api.jar;C:\Program Files\NetBeans 8.2\java\modules\ext\jaxws22\api\javax.annotation.jar;C:\Program Files\NetBeans 8.2\java\modules\ext\jaxws22\api\saaj-api.jar;C:\Program Files\NetBeans 8.2\ide\modules\ext\jaxb\activation.jar;C:\Program Files\NetBeans 8.2\ide\modules\ext\jaxb\api\jaxb-api.jar;C:\Program Files\NetBeans 8.2\ide\modules\ext\jaxb\api\jsr173_1.0_api.jar" />
    <property name="compile.on.save" value="true" />
    <property name="apple.awt.graphics.UseQuartz" value="true" />
    <property name="user.language" value="en" />
    <property name="testng.mode" value="testng" />
    <property name="libs.JAXB-ENDORSED.maven-pom" value="" />
    <property name="libs.eclipselink.maven-pom" value="" />
    <property name="application.vendor" value="Plam" />
    <property name="test.binaryincludes" value="&lt;nothing&gt;" />
    <property name="manifest.available" value="true" />
    <property name="libs.spring-framework300.maven-pom" value="" />
    <property name="run.test.classpath" value="C:\Program Files\NetBeans 8.2\java\modules\ext\beansbinding-1.2.1.jar:C:\Program Files\NetBeans 8.2\ide\modules\ext\ValidationAPI.jar;C:\Program Files\NetBeans 8.2\platform\lib\org-openide-util-lookup.jar;C:\Program Files\NetBeans 8.2\platform\lib\org-openide-util.jar:lib/commons-beanutils-1.8.2.jar:lib/commons-collections-3.2.1.jar:lib:lib/commons-digester-2.1.jar:lib/commons-logging-1.1.jar:lib/iText-2.1.7.js2.jar:lib/jasperreports-5.6.0.jar:lib/ojdbc7.jar:lib/servlet-api-2.4.jar:lib/synthetica.jar:lib/syntheticaBlackMoon.jar:lib/jsch-0.1.54.jar:lib/syntheticaAluOxide.jar:lib/syntheticaBlackEye.jar:lib/syntheticaBlueIce.jar:lib/syntheticaBlueLight.jar:lib/syntheticaBlueMoon.jar:lib/syntheticaBlueSteel.jar:lib/syntheticaDark.jar:lib/syntheticaMauveMetallic.jar:lib/syntheticaPlain.jar:lib/syntheticaSilverMoon.jar:lib/syntheticaSkyMetallic.jar:lib/syntheticaStandard.jar:C:\Program Files\NetBeans 8.2\java\modules\ext\eclipselink\eclipselink.jar;C:\Program Files\NetBeans 8.2\java\modules\ext\eclipselink\javax.persistence_2.1.0.v201304241213.jar;C:\Program Files\NetBeans 8.2\java\modules\ext\eclipselink\org.eclipse.persistence.jpa.jpql_2.5.2.v20140319-9ad6abd.jar:D:\Proyectos\NetBeans\Proyecto\Proyecto\lib\jsch-0.1.54.jar:D:\Download\jasperreports-6.5.1.jar:D:\Proyectos\NetBeans\Proyecto\Proyecto\lib\ojdbc7.jar:D:\Proyectos\NetBeans\Proyecto\Proyecto\lib\jsch-0.1.42.jar:D:\Proyectos\NetBeans\Proyecto\Proyecto\lib\jsch-0.1.54.jar:lib/jcommon-1.0.23.jar:lib/jfreechart-1.0.19.jar:C:\Program Files\NetBeans 8.2\java\modules\ext\AbsoluteLayout.jar;D:\Proyectos\NetBeans\Proyecto\Proyecto\lib\jsch-0.1.42.jar:build/classes:C:\Program Files\NetBeans 8.2\platform\modules\ext\junit-4.12.jar:C:\Program Files\NetBeans 8.2\platform\modules\ext\hamcrest-core-1.3.jar:build/test/classes" />
    <property name="ant.project.invoked-targets" value="test" />
    <property name="test.binaryexcludes" value="" />
    <property name="libs.swing-layout.javadoc" value="C:\Program Files\NetBeans 8.2\platform\docs\swing-layout-1.0.4-doc.zip" />
    <property name="sun.java2d.dpiaware" value="true" />
    <property name="libs.hibernate4-persistence.maven-pom" value="" />
    <property name="file.reference.synthetica.jar" value="lib/synthetica.jar" />
    <property name="https.nonProxyHosts" value="localhost|127.0.0.1|bahguta-comp" />
    <property name="libs.PostgreSQLDriver.maven-pom" value="" />
    <property name="java.class.version" value="52.0" />
    <property name="libs.JAVADB_DRIVER_LABEL.classpath" value="C:\Program Files\Java\jdk1.8.0_101\db\lib\derby.jar;C:\Program Files\Java\jdk1.8.0_101\db\lib\derbyclient.jar;C:\Program Files\Java\jdk1.8.0_101\db\lib\derbynet.jar" />
    <property name="libs.hibernate4-persistencemodelgen.maven-pom" value="" />
    <property name="libs.eclipselink.javadoc" value="C:\Program Files\NetBeans 8.2\java\modules\ext\docs\javax.persistence-2.1.0-doc.zip" />
    <property name="user.properties.file" value="C:\Users\bahgu\AppData\Roaming\NetBeans\8.2\build.properties" />
    <property name="libs.HSQLDB.classpath" value="D:\P\Proyectos\hsqldb.jar" />
    <property name="runtime.encoding" value="UTF-8" />
    <property name="libs.javac-api.maven-pom" value="" />
    <property name="file.encoding.pkg" value="sun.io" />
    <property name="sun.cpu.endian" value="little" />
    <property name="libs.JAXB-ENDORSED.javadoc" value="" />
    <property name="libs.JWSAntTasks.classpath" value="C:\Program Files\NetBeans 8.2\java\ant\extra\org-netbeans-modules-javawebstart-anttasks.jar" />
    <property name="libs.spring-framework300.src" value="" />
    <property name="file.reference.syntheticaAluOxide.jar" value="lib/syntheticaAluOxide.jar" />
    <property name="empty.dir" value="D:\Proyectos\NetBeans\Proyecto\Proyecto_develop\build\empty" />
    <property name="file.reference.jfreechart-1.0.19.jar" value="lib/jfreechart-1.0.19.jar" />
    <property name="file.reference.syntheticaBlueMoon.jar" value="lib/syntheticaBlueMoon.jar" />
    <property name="version-output" value="java version &quot;1.8" />
    <property name="libs.Hibernate.maven-pom" value="" />
    <property name="test.binarytestincludes" value="" />
    <property name="libs.hibernate4-persistencemodelgen.src" value="" />
    <property name="javadoc.preview" value="true" />
    <property name="libs.jpa20-persistence.javadoc" value="C:\Program Files\NetBeans 8.2\java\modules\ext\docs\javax.persistence-2.1.0-doc.zip" />
    <property name="nbplatform.default.harness.dir" value="${nbplatform.default.netbeans.dest.dir}/harness" />
    <property name="java.home" value="C:\Program Files\Java\jdk1.8.0_111\jre" />
    <property name="debug.test.classpath" value="C:\Program Files\NetBeans 8.2\java\modules\ext\beansbinding-1.2.1.jar:C:\Program Files\NetBeans 8.2\ide\modules\ext\ValidationAPI.jar;C:\Program Files\NetBeans 8.2\platform\lib\org-openide-util-lookup.jar;C:\Program Files\NetBeans 8.2\platform\lib\org-openide-util.jar:lib/commons-beanutils-1.8.2.jar:lib/commons-collections-3.2.1.jar:lib:lib/commons-digester-2.1.jar:lib/commons-logging-1.1.jar:lib/iText-2.1.7.js2.jar:lib/jasperreports-5.6.0.jar:lib/ojdbc7.jar:lib/servlet-api-2.4.jar:lib/synthetica.jar:lib/syntheticaBlackMoon.jar:lib/jsch-0.1.54.jar:lib/syntheticaAluOxide.jar:lib/syntheticaBlackEye.jar:lib/syntheticaBlueIce.jar:lib/syntheticaBlueLight.jar:lib/syntheticaBlueMoon.jar:lib/syntheticaBlueSteel.jar:lib/syntheticaDark.jar:lib/syntheticaMauveMetallic.jar:lib/syntheticaPlain.jar:lib/syntheticaSilverMoon.jar:lib/syntheticaSkyMetallic.jar:lib/syntheticaStandard.jar:C:\Program Files\NetBeans 8.2\java\modules\ext\eclipselink\eclipselink.jar;C:\Program Files\NetBeans 8.2\java\modules\ext\eclipselink\javax.persistence_2.1.0.v201304241213.jar;C:\Program Files\NetBeans 8.2\java\modules\ext\eclipselink\org.eclipse.persistence.jpa.jpql_2.5.2.v20140319-9ad6abd.jar:D:\Proyectos\NetBeans\Proyecto\Proyecto\lib\jsch-0.1.54.jar:D:\Download\jasperreports-6.5.1.jar:D:\Proyectos\NetBeans\Proyecto\Proyecto\lib\ojdbc7.jar:D:\Proyectos\NetBeans\Proyecto\Proyecto\lib\jsch-0.1.42.jar:D:\Proyectos\NetBeans\Proyecto\Proyecto\lib\jsch-0.1.54.jar:lib/jcommon-1.0.23.jar:lib/jfreechart-1.0.19.jar:C:\Program Files\NetBeans 8.2\java\modules\ext\AbsoluteLayout.jar;D:\Proyectos\NetBeans\Proyecto\Proyecto\lib\jsch-0.1.42.jar:build/classes:C:\Program Files\NetBeans 8.2\platform\modules\ext\junit-4.12.jar:C:\Program Files\NetBeans 8.2\platform\modules\ext\hamcrest-core-1.3.jar:build/test/classes" />
    <property name="libs.SSH_Tunel_Local.classpath" value="D:\Proyectos\NetBeans\Proyecto\Proyecto\lib\jsch-0.1.42.jar" />
    <property name="netbeans.importclass" value="org.netbeans.upgrade.AutoUpgrade" />
    <property name="ant.project.default-target" value="default" />
    <property name="annotation.processing.run.all.processors" value="true" />
    <property name="libs.PostgreSQLDriver.javadoc" value="" />
    <property name="libs.MySQLDriver.maven-pom" value="" />
    <property name="libs.JavaHelpLocal.src" value="D:\P\Proyectos\Netbeans\Junio2018\lib\jh2.0\src.jar" />
    <property name="libs.OJDBC_Local.javadoc" value="" />
    <property name="libs.hibernate4-persistence.javadoc" value="C:\Program Files\NetBeans 8.2\java\modules\ext\docs\javax.persistence-2.1.0-doc.zip" />
    <property name="http.nonProxyHosts" value="localhost|127.0.0.1|bahguta-comp" />
    <property name="libs.junit_4.javadoc" value="C:\Program Files\NetBeans 8.2\platform\docs\junit-4.12-javadoc.jar" />
    <property name="libs.EclipseLink-GlassFish-v3.maven-pom" value="" />
    <property name="libs.JavaHelpLocal.classpath" value="D:\P\Proyectos\Netbeans\Junio2018\lib\jh2.0\javahelp\lib\jh.jar" />
    <property name="run.classpath" value="C:\Program Files\NetBeans 8.2\java\modules\ext\beansbinding-1.2.1.jar:C:\Program Files\NetBeans 8.2\ide\modules\ext\ValidationAPI.jar;C:\Program Files\NetBeans 8.2\platform\lib\org-openide-util-lookup.jar;C:\Program Files\NetBeans 8.2\platform\lib\org-openide-util.jar:lib/commons-beanutils-1.8.2.jar:lib/commons-collections-3.2.1.jar:lib:lib/commons-digester-2.1.jar:lib/commons-logging-1.1.jar:lib/iText-2.1.7.js2.jar:lib/jasperreports-5.6.0.jar:lib/ojdbc7.jar:lib/servlet-api-2.4.jar:lib/synthetica.jar:lib/syntheticaBlackMoon.jar:lib/jsch-0.1.54.jar:lib/syntheticaAluOxide.jar:lib/syntheticaBlackEye.jar:lib/syntheticaBlueIce.jar:lib/syntheticaBlueLight.jar:lib/syntheticaBlueMoon.jar:lib/syntheticaBlueSteel.jar:lib/syntheticaDark.jar:lib/syntheticaMauveMetallic.jar:lib/syntheticaPlain.jar:lib/syntheticaSilverMoon.jar:lib/syntheticaSkyMetallic.jar:lib/syntheticaStandard.jar:C:\Program Files\NetBeans 8.2\java\modules\ext\eclipselink\eclipselink.jar;C:\Program Files\NetBeans 8.2\java\modules\ext\eclipselink\javax.persistence_2.1.0.v201304241213.jar;C:\Program Files\NetBeans 8.2\java\modules\ext\eclipselink\org.eclipse.persistence.jpa.jpql_2.5.2.v20140319-9ad6abd.jar:D:\Proyectos\NetBeans\Proyecto\Proyecto\lib\jsch-0.1.54.jar:D:\Download\jasperreports-6.5.1.jar:D:\Proyectos\NetBeans\Proyecto\Proyecto\lib\ojdbc7.jar:D:\Proyectos\NetBeans\Proyecto\Proyecto\lib\jsch-0.1.42.jar:D:\Proyectos\NetBeans\Proyecto\Proyecto\lib\jsch-0.1.54.jar:lib/jcommon-1.0.23.jar:lib/jfreechart-1.0.19.jar:C:\Program Files\NetBeans 8.2\java\modules\ext\AbsoluteLayout.jar;D:\Proyectos\NetBeans\Proyecto\Proyecto\lib\jsch-0.1.42.jar:build/classes" />
    <property name="jna.boot.library.name" value="jnidispatch-422" />
    <property name="libs.Oracle_JDBC_Driver.classpath" value="D:\Proyectos\NetBeans\Proyecto\Proyecto\lib\ojdbc7.jar" />
    <property name="sun.awt.datatransfer.timeout" value="1000" />
    <property name="libs.jpa2-persistence.maven-pom" value="" />
    <property name="annotation.processing.enabled.in.editor" value="false" />
    <property name="libs.hibernate4-support.classpath" value="C:\Program Files\NetBeans 8.2\java\modules\ext\hibernate4\antlr-2.7.7.jar;C:\Program Files\NetBeans 8.2\java\modules\ext\hibernate4\c3p0-0.9.2.1.jar;C:\Program Files\NetBeans 8.2\java\modules\ext\hibernate4\hibernate-c3p0-4.3.1.Final.jar;C:\Program Files\NetBeans 8.2\java\modules\ext\hibernate4\mchange-commons-java-0.2.3.4.jar;C:\Program Files\NetBeans 8.2\java\modules\ext\hibernate4\dom4j-1.6.1.jar;C:\Program Files\NetBeans 8.2\java\modules\ext\hibernate4\ehcache-core-2.4.3.jar;C:\Program Files\NetBeans 8.2\java\modules\ext\hibernate4\hibernate-ehcache-4.3.1.Final.jar;C:\Program Files\NetBeans 8.2\java\modules\ext\hibernate4\hibernate-core-4.3.1.Final.jar;C:\Program Files\NetBeans 8.2\java\modules\ext\hibernate4\jboss-logging-3.1.3.GA.jar;C:\Program Files\NetBeans 8.2\java\modules\ext\hibernate4\hibernate-commons-annotations-4.0.4.Final.jar;C:\Program Files\NetBeans 8.2\java\modules\ext\hibernate4\hibernate-entitymanager-4.3.1.Final.jar;C:\Program Files\NetBeans 8.2\java\modules\ext\hibernate4\javassist-3.18.1-GA.jar;C:\Program Files\NetBeans 8.2\java\modules\ext\hibernate4\jboss-transaction-api_1.2_spec-1.0.0.Final.jar;C:\Program Files\NetBeans 8.2\java\modules\ext\hibernate4\slf4j-api-1.6.1.jar;C:\Program Files\NetBeans 8.2\java\modules\ext\hibernate4\slf4j-simple-1.6.1.jar" />
    <property name="libs.LeerDatos.maven-pom" value="" />
    <property name="file.reference.syntheticaSkyMetallic.jar" value="lib/syntheticaSkyMetallic.jar" />
    <property name="file.reference.commons-digester-2.1.jar" value="lib/commons-digester-2.1.jar" />
    <property name="nb.native.filechooser" value="false" />
    <property name="file.reference.jcommon-1.0.23.jar" value="lib/jcommon-1.0.23.jar" />
    <property name="sun.management.compiler" value="HotSpot 64-Bit Tiered Compilers" />
    <property name="javac.deprecation" value="false" />
    <property name="javadoc.use" value="true" />
    <property name="sun.java2d.noddraw" value="true" />
    <property name="javac.processorpath" value="C:\Program Files\NetBeans 8.2\java\modules\ext\beansbinding-1.2.1.jar:C:\Program Files\NetBeans 8.2\ide\modules\ext\ValidationAPI.jar;C:\Program Files\NetBeans 8.2\platform\lib\org-openide-util-lookup.jar;C:\Program Files\NetBeans 8.2\platform\lib\org-openide-util.jar:lib/commons-beanutils-1.8.2.jar:lib/commons-collections-3.2.1.jar:lib:lib/commons-digester-2.1.jar:lib/commons-logging-1.1.jar:lib/iText-2.1.7.js2.jar:lib/jasperreports-5.6.0.jar:lib/ojdbc7.jar:lib/servlet-api-2.4.jar:lib/synthetica.jar:lib/syntheticaBlackMoon.jar:lib/jsch-0.1.54.jar:lib/syntheticaAluOxide.jar:lib/syntheticaBlackEye.jar:lib/syntheticaBlueIce.jar:lib/syntheticaBlueLight.jar:lib/syntheticaBlueMoon.jar:lib/syntheticaBlueSteel.jar:lib/syntheticaDark.jar:lib/syntheticaMauveMetallic.jar:lib/syntheticaPlain.jar:lib/syntheticaSilverMoon.jar:lib/syntheticaSkyMetallic.jar:lib/syntheticaStandard.jar:C:\Program Files\NetBeans 8.2\java\modules\ext\eclipselink\eclipselink.jar;C:\Program Files\NetBeans 8.2\java\modules\ext\eclipselink\javax.persistence_2.1.0.v201304241213.jar;C:\Program Files\NetBeans 8.2\java\modules\ext\eclipselink\org.eclipse.persistence.jpa.jpql_2.5.2.v20140319-9ad6abd.jar:D:\Proyectos\NetBeans\Proyecto\Proyecto\lib\jsch-0.1.54.jar:D:\Download\jasperreports-6.5.1.jar:D:\Proyectos\NetBeans\Proyecto\Proyecto\lib\ojdbc7.jar:D:\Proyectos\NetBeans\Proyecto\Proyecto\lib\jsch-0.1.42.jar:D:\Proyectos\NetBeans\Proyecto\Proyecto\lib\jsch-0.1.54.jar:lib/jcommon-1.0.23.jar:lib/jfreechart-1.0.19.jar:C:\Program Files\NetBeans 8.2\java\modules\ext\AbsoluteLayout.jar;D:\Proyectos\NetBeans\Proyecto\Proyecto\lib\jsch-0.1.42.jar" />
    <property name="libs.hamcrest.maven-pom" value="" />
    <property name="javac.compilerargs" value="" />
    <property name="ant.file" value="D:\Proyectos\NetBeans\Proyecto\Proyecto_develop\build.xml" />
    <property name="libs.beans-binding.maven-pom" value="" />
    <property name="libs.hibernate4-support.javadoc" value="C:\Program Files\NetBeans 8.2\java\modules\ext\docs\javax.persistence-2.1.0-doc.zip" />
    <property name="libs.Java-EE-GlassFish-v3-Prelude.classpath" value="C:\Program Files\glassfish-4.1.1\glassfish\modules\endorsed\javax.annotation-api.jar;C:\Program Files\glassfish-4.1.1\glassfish\modules\endorsed\jaxb-api.jar;C:\Program Files\glassfish-4.1.1\glassfish\modules\endorsed\webservices-api-osgi.jar;C:\Program Files\glassfish-4.1.1\glassfish\modules\bean-validator.jar;C:\Program Files\glassfish-4.1.1\glassfish\modules\cdi-api.jar;C:\Program Files\glassfish-4.1.1\glassfish\modules\javax.batch-api.jar;C:\Program Files\glassfish-4.1.1\glassfish\modules\javax.ejb-api.jar;C:\Program Files\glassfish-4.1.1\glassfish\modules\javax.el.jar;C:\Program Files\glassfish-4.1.1\glassfish\modules\javax.enterprise.concurrent-api.jar;C:\Program Files\glassfish-4.1.1\glassfish\modules\javax.enterprise.concurrent.jar;C:\Program Files\glassfish-4.1.1\glassfish\modules\javax.enterprise.deploy-api.jar;C:\Program Files\glassfish-4.1.1\glassfish\modules\javax.faces.jar;C:\Program Files\glassfish-4.1.1\glassfish\modules\javax.inject.jar;C:\Program Files\glassfish-4.1.1\glassfish\modules\javax.interceptor-api.jar;C:\Program Files\glassfish-4.1.1\glassfish\modules\javax.jms-api.jar;C:\Program Files\glassfish-4.1.1\glassfish\modules\javax.json.jar;C:\Program Files\glassfish-4.1.1\glassfish\modules\javax.mail.jar;C:\Program Files\glassfish-4.1.1\glassfish\modules\javax.management.j2ee-api.jar;C:\Program Files\glassfish-4.1.1\glassfish\modules\javax.persistence.jar;C:\Program Files\glassfish-4.1.1\glassfish\modules\javax.resource-api.jar;C:\Program Files\glassfish-4.1.1\glassfish\modules\javax.security.auth.message-api.jar;C:\Program Files\glassfish-4.1.1\glassfish\modules\javax.security.jacc-api.jar;C:\Program Files\glassfish-4.1.1\glassfish\modules\javax.servlet-api.jar;C:\Program Files\glassfish-4.1.1\glassfish\modules\javax.servlet.jsp-api.jar;C:\Program Files\glassfish-4.1.1\glassfish\modules\javax.servlet.jsp.jar;C:\Program Files\glassfish-4.1.1\glassfish\modules\javax.servlet.jsp.jstl-api.jar;C:\Program Files\glassfish-4.1.1\glassfish\modules\javax.servlet.jsp.jstl.jar;C:\Program Files\glassfish-4.1.1\glassfish\modules\javax.transaction-api.jar;C:\Program Files\glassfish-4.1.1\glassfish\modules\javax.websocket-api.jar;C:\Program Files\glassfish-4.1.1\glassfish\modules\javax.ws.rs-api.jar;C:\Program Files\glassfish-4.1.1\glassfish\modules\javax.xml.registry-api.jar;C:\Program Files\glassfish-4.1.1\glassfish\modules\javax.xml.rpc-api.jar;C:\Program Files\glassfish-4.1.1\glassfish\modules\jaxb-osgi.jar;C:\Program Files\glassfish-4.1.1\glassfish\modules\webservices-osgi.jar;C:\Program Files\glassfish-4.1.1\glassfish\modules\weld-osgi-bundle.jar;C:\Program Files\glassfish-4.1.1\mq\lib\jaxm-api.jar" />
    <property name="libs.beans-binding.src" value="" />
    <property name="java.vm.specification.vendor" value="Oracle Corporation" />
    <property name="libs.swing-layout.src" value="C:\Program Files\NetBeans 8.2\platform\docs\swing-layout-1.0.4-src.zip" />
    <property name="org.openide.major.version" value="IDE/1" />
    <property name="java.vm.name" value="Java HotSpot(TM) 64-Bit Server VM" />
    <property name="netbeans.user" value="C:\Users\bahgu\AppData\Roaming\NetBeans\8.2" />
    <property name="tests.failed" value="true" />
    <property name="javadoc.additionalparam" value="" />
    <property name="java.io.tmpdir" value="C:\Users\bahgu\AppData\Local\Temp\" />
    <property name="java.vendor.url" value="http://java.oracle.com/" />
    <property name="endorsed.classpath.cmd.line.arg" value="" />
    <property name="jna.loaded" value="true" />
    <property name="junit.available" value="true" />
    <property name="libs.jasperReports.src" value="" />
    <property name="org.openide.awt.ActionReference.completion" value="org.netbeans.modules.apisupport.project.layers.PathCompletions" />
    <property name="sun.boot.library.path" value="C:\Program Files\Java\jdk1.8.0_111\jre\bin" />
    <property name="have.sources" value="true" />
    <property name="libs.hamcrest.javadoc" value="" />
    <property name="libs.MiLibreria.classpath" value="C:\Program Files\NetBeans 8.2\ide\modules\ext\ValidationAPI.jar;C:\Program Files\NetBeans 8.2\platform\lib\org-openide-util-lookup.jar;C:\Program Files\NetBeans 8.2\platform\lib\org-openide-util.jar" />
    <property name="debug.classpath" value="C:\Program Files\NetBeans 8.2\java\modules\ext\beansbinding-1.2.1.jar:C:\Program Files\NetBeans 8.2\ide\modules\ext\ValidationAPI.jar;C:\Program Files\NetBeans 8.2\platform\lib\org-openide-util-lookup.jar;C:\Program Files\NetBeans 8.2\platform\lib\org-openide-util.jar:lib/commons-beanutils-1.8.2.jar:lib/commons-collections-3.2.1.jar:lib:lib/commons-digester-2.1.jar:lib/commons-logging-1.1.jar:lib/iText-2.1.7.js2.jar:lib/jasperreports-5.6.0.jar:lib/ojdbc7.jar:lib/servlet-api-2.4.jar:lib/synthetica.jar:lib/syntheticaBlackMoon.jar:lib/jsch-0.1.54.jar:lib/syntheticaAluOxide.jar:lib/syntheticaBlackEye.jar:lib/syntheticaBlueIce.jar:lib/syntheticaBlueLight.jar:lib/syntheticaBlueMoon.jar:lib/syntheticaBlueSteel.jar:lib/syntheticaDark.jar:lib/syntheticaMauveMetallic.jar:lib/syntheticaPlain.jar:lib/syntheticaSilverMoon.jar:lib/syntheticaSkyMetallic.jar:lib/syntheticaStandard.jar:C:\Program Files\NetBeans 8.2\java\modules\ext\eclipselink\eclipselink.jar;C:\Program Files\NetBeans 8.2\java\modules\ext\eclipselink\javax.persistence_2.1.0.v201304241213.jar;C:\Program Files\NetBeans 8.2\java\modules\ext\eclipselink\org.eclipse.persistence.jpa.jpql_2.5.2.v20140319-9ad6abd.jar:D:\Proyectos\NetBeans\Proyecto\Proyecto\lib\jsch-0.1.54.jar:D:\Download\jasperreports-6.5.1.jar:D:\Proyectos\NetBeans\Proyecto\Proyecto\lib\ojdbc7.jar:D:\Proyectos\NetBeans\Proyecto\Proyecto\lib\jsch-0.1.42.jar:D:\Proyectos\NetBeans\Proyecto\Proyecto\lib\jsch-0.1.54.jar:lib/jcommon-1.0.23.jar:lib/jfreechart-1.0.19.jar:C:\Program Files\NetBeans 8.2\java\modules\ext\AbsoluteLayout.jar;D:\Proyectos\NetBeans\Proyecto\Proyecto\lib\jsch-0.1.42.jar:build/classes" />
    <property name="javac.external.vm" value="true" />
    <property name="javadoc.private" value="false" />
    <property name="test.src.dir" value="test" />
    <property name="ap.processors.internal" value="" />
    <property name="meta.inf.dir" value="src/META-INF" />
    <property name="javadoc.encoding.used" value="UTF-8" />
    <property name="file.reference.syntheticaSilverMoon.jar" value="lib/syntheticaSilverMoon.jar" />
    <property name="dist.jar" value="dist/Proyecto.jar" />
    <property name="libs.spring-framework400.maven-pom" value="" />
    <property name="libs.jsch_sshTunel.maven-pom" value="" />
    <property name="java.runtime.name" value="Java(TM) SE Runtime Environment" />
    <property name="libs.SSHTunel.src" value="" />
    <property name="ant.project.name" value="Proyecto" />
    <property name="libs.SSHTunel.classpath" value="D:\Proyectos\NetBeans\Proyecto\Proyecto\lib\jsch-0.1.54.jar" />
    <property name="netbeans.hash.code" value="unique=NBJDK_EXTIDE_JAVA_JDK02d5463d2-d14e-4576-82f6-9e050e45dc38_bd774125-0c63-486e-916b-7d5ab9edb052" />
    <property name="file.reference.syntheticaBlueIce.jar" value="lib/syntheticaBlueIce.jar" />
    <property name="netbeans.default_userdir_root" value="C:\Users\bahgu\AppData\Roaming\NetBeans" />
    <property name="sun.cpu.isalist" value="amd64" />
    <property name="libs.jasperReports.maven-pom" value="" />
    <property name="libs.spring-framework400.javadoc" value="" />
    <property name="libs.CopyLibs.javadoc" value="" />
    <property name="file.reference.syntheticaDark.jar" value="lib/syntheticaDark.jar" />
    <property name="org.openide.specification.version" value="6.2" />
    <property name="libs.LeerDatos.src" value="C:\Users\Plam\Downloads\JavaLibraryLeer\JavaLibraryLeer" />
    <property name="user.home" value="C:\Users\bahgu" />
    <property name="annotation.processing.processors.list" value="" />
    <property name="debug-args-line" value="-Xdebug" />
    <property name="file.reference.commons-logging-1.1.jar" value="lib/commons-logging-1.1.jar" />
    <property name="file.reference.syntheticaBlackMoon.jar" value="lib/syntheticaBlackMoon.jar" />
    <property name="libs.JWSAntTasks.src" value="" />
    <property name="jar.index" value="false" />
    <property name="libs.CopyLibs.maven-pom" value="" />
    <property name="libs.spring-framework300.javadoc" value="" />
    <property name="libs.absolutelayout.javadoc" value="" />
    <property name="guice.disable.misplaced.annotation.check" value="true" />
    <property name="java.specification.name" value="Java Platform API Specification" />
    <property name="do.archive+main.class.available" value="true" />
    <property name="java.specification.vendor" value="Oracle Corporation" />
    <property name="libs.javac-api.classpath" value="C:\Program Files\NetBeans 8.2\java\modules\ext\nb-javac-api.jar" />
    <property name="java.version" value="1.8.0_111" />
    <property name="run.jvmargs.ide" value="" />
    <property name="javadoc.version" value="false" />
    <property name="libs.MySQLDriver.javadoc" value="" />
    <property name="org.openide.version" value="deprecated" />
    <property name="platform.java" value="C:\Program Files\Java\jdk1.8.0_111\jre/bin/java" />
    <property name="source.encoding" value="UTF-8" />
    <property name="file.reference.syntheticaBlackEye.jar" value="lib/syntheticaBlackEye.jar" />
    <property name="ap.cmd.line.internal" value="" />
    <property name="libs.eclipselinkmodelgen.maven-pom" value="" />
    <property name="libs.ValidationLib.src" value="" />
    <property name="libs.eclipselinkmodelgen.javadoc" value="" />
    <property name="libs.HSQLDB.javadoc" value="" />
    <property name="libs.OJDBC_Local.maven-pom" value="" />
    <property name="netbeans.home+have.tests" value="true" />
    <property name="annotation.processing.processor.options" value="-Aeclipselink.canonicalmodel.use_static_factory=false" />
    <property name="libs.testng.maven-pom" value="" />
    <property name="libs.jaxb.src" value="" />
    <property name="jdk.launcher.addexports.5" value="java.management/sun.management=ALL-UNNAMED" />
    <property name="libs.jasperReports.javadoc" value="" />
    <property name="jdk.launcher.addexports.4" value="java.desktop/com.sun.java.swing.plaf.windows=ALL-UNNAMED" />
    <property name="jdk.launcher.addexports.3" value="java.desktop/sun.awt.im=ALL-UNNAMED" />
    <property name="work.dir" value="D:\Proyectos\NetBeans\Proyecto\Proyecto_develop" />
    <property name="jdk.launcher.addexports.2" value="java.desktop/java.awt.peer=ALL-UNNAMED" />
    <property name="libs.jaxb.classpath" value="C:\Program Files\NetBeans 8.2\ide\modules\ext\jaxb\jaxb-impl.jar;C:\Program Files\NetBeans 8.2\ide\modules\ext\jaxb\jaxb-xjc.jar;C:\Program Files\NetBeans 8.2\ide\modules\ext\jaxb\jaxb1-impl.jar;C:\Program Files\NetBeans 8.2\ide\modules\ext\jaxb\activation.jar;C:\Program Files\NetBeans 8.2\ide\modules\ext\jaxb\api\jaxb-api.jar;C:\Program Files\NetBeans 8.2\ide\modules\ext\jaxb\api\jsr173_1.0_api.jar" />
    <property name="jdk.launcher.addexports.1" value="java.base/jdk.internal.jrtfs=ALL-UNNAMED" />
    <property name="jdk.launcher.addexports.0" value="java.desktop/sun.awt=ALL-UNNAMED" />
    <property name="do.depend" value="false" />
    <property name="dist.javadoc.dir" value="dist/javadoc" />
    <property name="libs.swing-layout.classpath" value="C:\Program Files\NetBeans 8.2\platform\modules\ext\swing-layout-1.0.4.jar" />
    <property name="javac.source" value="1.8" />
    <property name="build.generated.dir" value="build/generated" />
    <property name="libs.Hibernate.javadoc" value="" />
    <property name="line.separator" value="&#xd;&#xa;" />
    <property name="java.specification.version" value="1.8" />
    <property name="java.vm.info" value="mixed mode" />
    <property name="libs.jaxws21.maven-pom" value="" />
    <property name="nb.junit.batch" value="true" />
    <property name="junit.forkmode" value="perTest" />
    <property name="sun.boot.class.path" value="C:\Program Files\Java\jdk1.8.0_111\jre\lib\resources.jar;C:\Program Files\Java\jdk1.8.0_111\jre\lib\rt.jar;C:\Program Files\Java\jdk1.8.0_111\jre\lib\sunrsasign.jar;C:\Program Files\Java\jdk1.8.0_111\jre\lib\jsse.jar;C:\Program Files\Java\jdk1.8.0_111\jre\lib\jce.jar;C:\Program Files\Java\jdk1.8.0_111\jre\lib\charsets.jar;C:\Program Files\Java\jdk1.8.0_111\jre\lib\jfr.jar;C:\Program Files\Java\jdk1.8.0_111\jre\classes" />
    <property name="javac.target" value="1.8" />
    <property name="built-jar.properties" value="D:\Proyectos\NetBeans\Proyecto\Proyecto_develop\build\built-jar.properties" />
    <property name="libs.jsch_sshTunel.src" value="" />
    <property name="build.test.classes.dir" value="build/test/classes" />
    <property name="src.dir" value="src" />
    <property name="sun.awt.keepWorkingSetOnMinimize" value="true" />
    <property name="libs.jpa2-persistence.src" value="" />
    <property name="annotation.processing.enabled" value="true" />
    <property name="libs.jpa20-persistence.src" value="" />
    <property name="libs.JAVADB_DRIVER_LABEL.maven-pom" value="" />
    <property name="ignore.failing.tests" value="true" />
    <property name="libs.ValidationLib.maven-pom" value="" />
    <property name="libs.Comet-GlassFish-v3.classpath" value="" />
    <property name="dist.dir" value="dist" />
    <property name="libs.HSQLDB.maven-pom" value="" />
    <property name="testng.debug.mode" value="" />
    <property name="javac.fork" value="true" />
    <property name="java.awt.printerjob" value="sun.awt.windows.WPrinterJob" />
    <property name="default.javac.source" value="1.8" />
    <property name="debug-transport-by-os" value="dt_shmem" />
    <property name="sun.jnu.encoding" value="Cp1252" />
    <property name="libs.MySQLDriver.src" value="" />
    <property name="java.runtime.version" value="1.8.0_111-b14" />
    <property name="build.test.results.dir" value="build/test/results" />
    <property name="default.javac.target" value="1.8" />
    <property name="libs.junit_4.classpath" value="C:\Program Files\NetBeans 8.2\platform\modules\ext\junit-4.12.jar" />
    <property name="user.timezone" value="" />
    <property name="nb.junit.single" value="false" />
    <property name="do.jar" value="true" />
    <property name="libs.JAVADB_DRIVER_LABEL.javadoc" value="" />
    <property name="netbeans.dirs" value="C:\Program Files\NetBeans 8.2\nb;C:\Program Files\NetBeans 8.2\ergonomics;C:\Program Files\NetBeans 8.2\ide;C:\Program Files\NetBeans 8.2\extide;C:\Program Files\NetBeans 8.2\java;C:\Program Files\NetBeans 8.2\apisupport;C:\Program Files\NetBeans 8.2\webcommon;C:\Program Files\NetBeans 8.2\websvccommon;C:\Program Files\NetBeans 8.2\enterprise;C:\Program Files\NetBeans 8.2\mobility;C:\Program Files\NetBeans 8.2\profiler;C:\Program Files\NetBeans 8.2\python;C:\Program Files\NetBeans 8.2\php;C:\Program Files\NetBeans 8.2\identity;C:\Program Files\NetBeans 8.2\harness;C:\Program Files\NetBeans 8.2\cnd;C:\Program Files\NetBeans 8.2\cndext;C:\Program Files\NetBeans 8.2\dlight;C:\Program Files\NetBeans 8.2\groovy;C:\Program Files\NetBeans 8.2\extra;C:\Program Files\NetBeans 8.2\javacard;C:\Program Files\NetBeans 8.2\javafx" />
    <property name="java.ext.dirs" value="C:\Program Files\Java\jdk1.8.0_111\jre\lib\ext;C:\WINDOWS\Sun\Java\lib\ext" />
    <property name="endorsed.classpath" value="" />
    <property name="libs.absolutelayout.classpath" value="C:\Program Files\NetBeans 8.2\java\modules\ext\AbsoluteLayout.jar;D:\Proyectos\NetBeans\Proyecto\Proyecto\lib\jsch-0.1.42.jar" />
    <property name="excludes" value="" />
    <property name="libs.jpa2-persistence.javadoc" value="C:\Program Files\NetBeans 8.2\java\modules\ext\docs\javax.persistence-2.1.0-doc.zip" />
    <property name="apple.laf.useScreenMenuBar" value="true" />
    <property name="java.class.path" value="C:\Program Files\NetBeans 8.2\java\modules\ext\beansbinding-1.2.1.jar;C:\Program Files\NetBeans 8.2\ide\modules\ext\ValidationAPI.jar;C:\Program Files\NetBeans 8.2\platform\lib\org-openide-util-lookup.jar;C:\Program Files\NetBeans 8.2\platform\lib\org-openide-util.jar;D:\Proyectos\NetBeans\Proyecto\Proyecto_develop\lib\commons-beanutils-1.8.2.jar;D:\Proyectos\NetBeans\Proyecto\Proyecto_develop\lib\commons-collections-3.2.1.jar;D:\Proyectos\NetBeans\Proyecto\Proyecto_develop\lib;D:\Proyectos\NetBeans\Proyecto\Proyecto_develop\lib\commons-digester-2.1.jar;D:\Proyectos\NetBeans\Proyecto\Proyecto_develop\lib\commons-logging-1.1.jar;D:\Proyectos\NetBeans\Proyecto\Proyecto_develop\lib\iText-2.1.7.js2.jar;D:\Proyectos\NetBeans\Proyecto\Proyecto_develop\lib\jasperreports-5.6.0.jar;D:\Proyectos\NetBeans\Proyecto\Proyecto_develop\lib\ojdbc7.jar;D:\Proyectos\NetBeans\Proyecto\Proyecto_develop\lib\servlet-api-2.4.jar;D:\Proyectos\NetBeans\Proyecto\Proyecto_develop\lib\synthetica.jar;D:\Proyectos\NetBeans\Proyecto\Proyecto_develop\lib\syntheticaBlackMoon.jar;D:\Proyectos\NetBeans\Proyecto\Proyecto_develop\lib\jsch-0.1.54.jar;D:\Proyectos\NetBeans\Proyecto\Proyecto_develop\lib\syntheticaAluOxide.jar;D:\Proyectos\NetBeans\Proyecto\Proyecto_develop\lib\syntheticaBlackEye.jar;D:\Proyectos\NetBeans\Proyecto\Proyecto_develop\lib\syntheticaBlueIce.jar;D:\Proyectos\NetBeans\Proyecto\Proyecto_develop\lib\syntheticaBlueLight.jar;D:\Proyectos\NetBeans\Proyecto\Proyecto_develop\lib\syntheticaBlueMoon.jar;D:\Proyectos\NetBeans\Proyecto\Proyecto_develop\lib\syntheticaBlueSteel.jar;D:\Proyectos\NetBeans\Proyecto\Proyecto_develop\lib\syntheticaDark.jar;D:\Proyectos\NetBeans\Proyecto\Proyecto_develop\lib\syntheticaMauveMetallic.jar;D:\Proyectos\NetBeans\Proyecto\Proyecto_develop\lib\syntheticaPlain.jar;D:\Proyectos\NetBeans\Proyecto\Proyecto_develop\lib\syntheticaSilverMoon.jar;D:\Proyectos\NetBeans\Proyecto\Proyecto_develop\lib\syntheticaSkyMetallic.jar;D:\Proyectos\NetBeans\Proyecto\Proyecto_develop\lib\syntheticaStandard.jar;C:\Program Files\NetBeans 8.2\java\modules\ext\eclipselink\eclipselink.jar;C:\Program Files\NetBeans 8.2\java\modules\ext\eclipselink\javax.persistence_2.1.0.v201304241213.jar;C:\Program Files\NetBeans 8.2\java\modules\ext\eclipselink\org.eclipse.persistence.jpa.jpql_2.5.2.v20140319-9ad6abd.jar;D:\Proyectos\NetBeans\Proyecto\Proyecto\lib\jsch-0.1.54.jar;D:\Download\jasperreports-6.5.1.jar;D:\Proyectos\NetBeans\Proyecto\Proyecto\lib\ojdbc7.jar;D:\Proyectos\NetBeans\Proyecto\Proyecto\lib\jsch-0.1.42.jar;D:\Proyectos\NetBeans\Proyecto\Proyecto_develop\lib\jcommon-1.0.23.jar;D:\Proyectos\NetBeans\Proyecto\Proyecto_develop\lib\jfreechart-1.0.19.jar;C:\Program Files\NetBeans 8.2\java\modules\ext\AbsoluteLayout.jar;D:\Proyectos\NetBeans\Proyecto\Proyecto_develop\build\classes;C:\Program Files\NetBeans 8.2\platform\modules\ext\junit-4.12.jar;C:\Program Files\NetBeans 8.2\platform\modules\ext\hamcrest-core-1.3.jar;D:\Proyectos\NetBeans\Proyecto\Proyecto_develop\build\test\classes;C:\Program Files\NetBeans 8.2\extide\ant\lib\ant-launcher.jar;C:\Program Files\NetBeans 8.2\extide\ant\lib\ant.jar;C:\Program Files\NetBeans 8.2\extide\ant\lib\ant-junit.jar;C:\Program Files\NetBeans 8.2\extide\ant\lib\ant-junit4.jar" />
    <property name="do.mkdist" value="true" />
    <property name="libs.absolutelayout.src" value="" />
    <property name="libs.jpa20-persistence.classpath" value="C:\Program Files\NetBeans 8.2\java\modules\ext\eclipselink\javax.persistence_2.1.0.v201304241213.jar" />
    <property name="libs.JavaHelpLocal.maven-pom" value="" />
    <property name="os.version" value="10.0" />
    <property name="application.args" value="" />
    <property name="libs.EclipseLink-GlassFish-v3.javadoc" value="C:\Program Files\NetBeans 8.2\enterprise\docs\javaee-doc-api.jar" />
    <property name="libs.Oracle_JDBC_Driver.maven-pom" value="" />
    <property name="main.class.available" value="true" />
    <property name="sun.awt.enableExtraMouseButtons" value="true" />
    <property name="sun.desktop" value="windows" />
    <property name="libs.hibernate4-persistence.src" value="" />
    <property name="libs.hibernate4-support.maven-pom" value="" />
    <property name="libs.SSH_Tunel_Local.src" value="" />
    <property name="libs.Comet-GlassFish-v3.src" value="" />
    <property name="nb.internal.action.name" value="test" />
    <property name="libs.JAXB-ENDORSED.classpath" value="C:\Program Files\NetBeans 8.2\ide\modules\ext\jaxb\api\jaxb-api.jar" />
    <property name="libs.eclipselink.classpath" value="C:\Program Files\NetBeans 8.2\java\modules\ext\eclipselink\eclipselink.jar;C:\Program Files\NetBeans 8.2\java\modules\ext\eclipselink\javax.persistence_2.1.0.v201304241213.jar;C:\Program Files\NetBeans 8.2\java\modules\ext\eclipselink\org.eclipse.persistence.jpa.jpql_2.5.2.v20140319-9ad6abd.jar" />
    <property name="java.awt.graphicsenv" value="sun.awt.Win32GraphicsEnvironment" />
    <property name="libs.beans-binding.javadoc" value="C:\Program Files\NetBeans 8.2\java\docs\beansbinding-1.2.1-doc.zip" />
    <property name="java.vm.vendor" value="Oracle Corporation" />
    <property name="libs.CopyLibs.classpath" value="C:\Program Files\NetBeans 8.2\java\ant\extra\org-netbeans-modules-java-j2seproject-copylibstask.jar" />
    <property name="libs.spring-framework300.classpath" value="C:\Program Files\NetBeans 8.2\ide\modules\org-apache-commons-logging.jar;C:\Program Files\NetBeans 8.2\java\modules\ext\cglib-2.2.jar;C:\Program Files\NetBeans 8.2\java\modules\ext\spring-3.0\spring-aop-3.2.7.RELEASE.jar;C:\Program Files\NetBeans 8.2\java\modules\ext\spring-3.0\spring-aspects-3.2.7.RELEASE.jar;C:\Program Files\NetBeans 8.2\java\modules\ext\spring-3.0\spring-beans-3.2.7.RELEASE.jar;C:\Program Files\NetBeans 8.2\java\modules\ext\spring-3.0\spring-build-src-3.2.7.RELEASE.jar;C:\Program Files\NetBeans 8.2\java\modules\ext\spring-3.0\spring-context-3.2.7.RELEASE.jar;C:\Program Files\NetBeans 8.2\java\modules\ext\spring-3.0\spring-context-support-3.2.7.RELEASE.jar;C:\Program Files\NetBeans 8.2\java\modules\ext\spring-3.0\spring-core-3.2.7.RELEASE.jar;C:\Program Files\NetBeans 8.2\java\modules\ext\spring-3.0\spring-expression-3.2.7.RELEASE.jar;C:\Program Files\NetBeans 8.2\java\modules\ext\spring-3.0\spring-framework-bom-3.2.7.RELEASE.jar;C:\Program Files\NetBeans 8.2\java\modules\ext\spring-3.0\spring-instrument-3.2.7.RELEASE.jar;C:\Program Files\NetBeans 8.2\java\modules\ext\spring-3.0\spring-instrument-tomcat-3.2.7.RELEASE.jar;C:\Program Files\NetBeans 8.2\java\modules\ext\spring-3.0\spring-jdbc-3.2.7.RELEASE.jar;C:\Program Files\NetBeans 8.2\java\modules\ext\spring-3.0\spring-jms-3.2.7.RELEASE.jar;C:\Program Files\NetBeans 8.2\java\modules\ext\spring-3.0\spring-orm-3.2.7.RELEASE.jar;C:\Program Files\NetBeans 8.2\java\modules\ext\spring-3.0\spring-oxm-3.2.7.RELEASE.jar;C:\Program Files\NetBeans 8.2\java\modules\ext\spring-3.0\spring-struts-3.2.7.RELEASE.jar;C:\Program Files\NetBeans 8.2\java\modules\ext\spring-3.0\spring-test-3.2.7.RELEASE.jar;C:\Program Files\NetBeans 8.2\java\modules\ext\spring-3.0\spring-tx-3.2.7.RELEASE.jar;C:\Program Files\NetBeans 8.2\java\modules\ext\spring-3.0\spring-web-3.2.7.RELEASE.jar;C:\Program Files\NetBeans 8.2\java\modules\ext\spring-3.0\spring-webmvc-3.2.7.RELEASE.jar;C:\Program Files\NetBeans 8.2\java\modules\ext\spring-3.0\spring-webmvc-portlet-3.2.7.RELEASE.jar" />
    <property name="libs.hamcrest.src" value="" />
    <property name="libs.MiLibreria.javadoc" value="" />
    <property name="run.jvmargs" value="" />
    <property name="file.reference.jasperreports-5.6.0.jar" value="lib/jasperreports-5.6.0.jar" />
    <property name="libs.hibernate4-persistence.classpath" value="C:\Program Files\NetBeans 8.2\java\modules\ext\hibernate4\antlr-2.7.7.jar;C:\Program Files\NetBeans 8.2\java\modules\ext\hibernate4\c3p0-0.9.2.1.jar;C:\Program Files\NetBeans 8.2\java\modules\ext\hibernate4\hibernate-c3p0-4.3.1.Final.jar;C:\Program Files\NetBeans 8.2\java\modules\ext\hibernate4\mchange-commons-java-0.2.3.4.jar;C:\Program Files\NetBeans 8.2\java\modules\ext\hibernate4\dom4j-1.6.1.jar;C:\Program Files\NetBeans 8.2\java\modules\ext\hibernate4\ehcache-core-2.4.3.jar;C:\Program Files\NetBeans 8.2\java\modules\ext\hibernate4\hibernate-ehcache-4.3.1.Final.jar;C:\Program Files\NetBeans 8.2\java\modules\ext\hibernate4\hibernate-core-4.3.1.Final.jar;C:\Program Files\NetBeans 8.2\java\modules\ext\hibernate4\jboss-logging-3.1.3.GA.jar;C:\Program Files\NetBeans 8.2\java\modules\ext\hibernate4\hibernate-commons-annotations-4.0.4.Final.jar;C:\Program Files\NetBeans 8.2\java\modules\ext\hibernate4\hibernate-entitymanager-4.3.1.Final.jar;C:\Program Files\NetBeans 8.2\java\modules\ext\hibernate4\javassist-3.18.1-GA.jar;C:\Program Files\NetBeans 8.2\java\modules\ext\hibernate4\jboss-transaction-api_1.2_spec-1.0.0.Final.jar;C:\Program Files\NetBeans 8.2\java\modules\ext\hibernate4\slf4j-api-1.6.1.jar;C:\Program Files\NetBeans 8.2\java\modules\ext\hibernate4\slf4j-simple-1.6.1.jar;C:\Program Files\NetBeans 8.2\java\modules\ext\hibernate4\hibernate-jpa-2.1-api-1.0.0.Final.jar" />
    <property name="libs.JAXB-ENDORSED.src" value="" />
    <property name="dist.archive.excludes" value="" />
    <property name="libs.testng.javadoc" value="C:\Program Files\NetBeans 8.2\platform\docs\testng-6.8.1-javadoc.zip" />
    <property name="file.reference.Proyecto-lib" value="lib" />
    <property name="user.script" value="" />
    <property name="libs.PostgreSQLDriver.classpath" value="C:\Program Files\NetBeans 8.2\ide\modules\ext\postgresql-9.4.1209.jar" />
    <property name="libs.hibernate4-persistencemodelgen.classpath" value="C:\Program Files\NetBeans 8.2\java\modules\ext\hibernate4\hibernate-jpamodelgen-4.3.1.Final.jar" />
    <property name="annotation.processing.source.output" value="build/generated-sources/ap-source-output" />
    <property name="file.reference.syntheticaStandard.jar" value="lib/syntheticaStandard.jar" />
    <property name="main.class" value="GUI.Main.Main" />
    <property name="libs.CopyLibs.src" value="" />
    <property name="build.dir" value="build" />
    <property name="ant.version" value="Apache Ant(TM) version 1.9.7 compiled on April 9 2016" />
    <property name="file.reference.jsch-0.1.54.jar" value="lib/jsch-0.1.54.jar" />
    <property name="ant.file.Proyecto-impl" value="D:\Proyectos\NetBeans\Proyecto\Proyecto_develop\nbproject\build-impl.xml" />
    <property name="file.encoding" value="Cp1252" />
    <property name="build.classes.excludes" value="**/*.java,**/*.form" />
    <property name="file.reference.syntheticaPlain.jar" value="lib/syntheticaPlain.jar" />
    <property name="jdkBug6558476" value="false" />
    <property name="javadoc.nonavbar" value="false" />
    <property name="libs.MiLibreria.src" value="" />
    <property name="libs.HSQLDB.src" value="" />
    <property name="platform.active" value="default_platform" />
    <property name="awt.toolkit" value="sun.awt.windows.WToolkit" />
  </properties>
  <testcase classname="Dto.PersonaTest" name="testSetApellido" time="0.005">
    <error type="java.lang.NullPointerException">java.lang.NullPointerException
	at Dto.PersonaTest.testSetApellido(PersonaTest.java:62)
</error>
  </testcase>
  <testcase classname="Dto.PersonaTest" name="testGetApellido" time="0.001">
    <error type="java.lang.NullPointerException">java.lang.NullPointerException
	at Dto.PersonaTest.testGetApellido(PersonaTest.java:48)
</error>
  </testcase>
  <testcase classname="Dto.PersonaTest" name="testGetEmail" time="0.001">
    <error type="java.lang.NullPointerException">java.lang.NullPointerException
	at Dto.PersonaTest.testGetEmail(PersonaTest.java:156)
</error>
  </testcase>
  <testcase classname="Dto.PersonaTest" name="testToString" time="0.0">
    <error type="java.lang.NullPointerException">java.lang.NullPointerException
	at Dto.PersonaTest.testToString(PersonaTest.java:211)
</error>
  </testcase>
  <testcase classname="Dto.PersonaTest" name="testGetTipo" time="0.0">
    <error type="java.lang.NullPointerException">java.lang.NullPointerException
	at Dto.PersonaTest.testGetTipo(PersonaTest.java:197)
</error>
  </testcase>
  <testcase classname="Dto.PersonaTest" name="testGetCodPersona" time="0.001">
    <error type="java.lang.NullPointerException">java.lang.NullPointerException
	at Dto.PersonaTest.testGetCodPersona(PersonaTest.java:183)
</error>
  </testcase>
  <testcase classname="Dto.PersonaTest" name="testSetTelefono" time="0.0">
    <error type="java.lang.NullPointerException">java.lang.NullPointerException
	at Dto.PersonaTest.testSetTelefono(PersonaTest.java:143)
</error>
  </testcase>
  <testcase classname="Dto.PersonaTest" name="testGetTelefono" time="0.0">
    <error type="java.lang.NullPointerException">java.lang.NullPointerException
	at Dto.PersonaTest.testGetTelefono(PersonaTest.java:129)
</error>
  </testcase>
  <testcase classname="Dto.PersonaTest" name="testGetDireccion" time="0.001">
    <error type="java.lang.NullPointerException">java.lang.NullPointerException
	at Dto.PersonaTest.testGetDireccion(PersonaTest.java:102)
</error>
  </testcase>
  <testcase classname="Dto.PersonaTest" name="testSetNombre" time="0.0">
    <error type="java.lang.NullPointerException">java.lang.NullPointerException
	at Dto.PersonaTest.testSetNombre(PersonaTest.java:89)
</error>
  </testcase>
  <testcase classname="Dto.PersonaTest" name="testGetNombre" time="0.0">
    <error type="java.lang.NullPointerException">java.lang.NullPointerException
	at Dto.PersonaTest.testGetNombre(PersonaTest.java:75)
</error>
  </testcase>
  <testcase classname="Dto.PersonaTest" name="testSetDireccion" time="0.001">
    <error type="java.lang.NullPointerException">java.lang.NullPointerException
	at Dto.PersonaTest.testSetDireccion(PersonaTest.java:116)
</error>
  </testcase>
  <testcase classname="Dto.PersonaTest" name="testSetEmail" time="0.0">
    <error type="java.lang.NullPointerException">java.lang.NullPointerException
	at Dto.PersonaTest.testSetEmail(PersonaTest.java:170)
</error>
  </testcase>
  <system-out><![CDATA[setApellido
getApellido
getEmail
toString
getTipo
getCodPersona
setTelefono
getTelefono
getDireccion
setNombre
getNombre
setDireccion
setEmail
]]></system-out>
  <system-err><![CDATA[]]></system-err>
</testsuite>
